0 info it worked if it ends with ok
1 verbose cli [ '/usr/local/bin/node', '/usr/local/bin/npm', 'run', 'deploy' ]
2 info using npm@3.8.3
3 info using node@v5.10.1
4 verbose run-script [ 'predeploy', 'deploy', 'postdeploy' ]
5 info lifecycle supple-congress.github.io@1.0.0~predeploy: supple-congress.github.io@1.0.0
6 silly lifecycle supple-congress.github.io@1.0.0~predeploy: no script for predeploy, continuing
7 info lifecycle supple-congress.github.io@1.0.0~deploy: supple-congress.github.io@1.0.0
8 verbose lifecycle supple-congress.github.io@1.0.0~deploy: unsafe-perm in lifecycle true
9 verbose lifecycle supple-congress.github.io@1.0.0~deploy: PATH: /usr/local/lib/node_modules/npm/bin/node-gyp-bin:/Users/kevin/projects/nonsense/band/node_modules/.bin:/usr/local/bin:/usr/local/bin:/usr/bin:/bin:/usr/sbin:/sbin:/Library/TeX/texbin:/Users/kevin/tools/apache-maven-3.3.3/bin:/Users/kevin/tools/bin:/Users/kevin/env/bin
10 verbose lifecycle supple-congress.github.io@1.0.0~deploy: CWD: /Users/kevin/projects/nonsense/band
11 silly lifecycle supple-congress.github.io@1.0.0~deploy: Args: [ '-c', './deploy.sh' ]
12 silly lifecycle supple-congress.github.io@1.0.0~deploy: Returned: code: 1  signal: null
13 info lifecycle supple-congress.github.io@1.0.0~deploy: Failed to exec deploy script
14 verbose stack Error: supple-congress.github.io@1.0.0 deploy: `./deploy.sh`
14 verbose stack Exit status 1
14 verbose stack     at EventEmitter.<anonymous> (/usr/local/lib/node_modules/npm/lib/utils/lifecycle.js:239:16)
14 verbose stack     at emitTwo (events.js:100:13)
14 verbose stack     at EventEmitter.emit (events.js:185:7)
14 verbose stack     at ChildProcess.<anonymous> (/usr/local/lib/node_modules/npm/lib/utils/spawn.js:24:14)
14 verbose stack     at emitTwo (events.js:100:13)
14 verbose stack     at ChildProcess.emit (events.js:185:7)
14 verbose stack     at maybeClose (internal/child_process.js:850:16)
14 verbose stack     at Process.ChildProcess._handle.onexit (internal/child_process.js:215:5)
15 verbose pkgid supple-congress.github.io@1.0.0
16 verbose cwd /Users/kevin/projects/nonsense/band
17 error Darwin 15.5.0
18 error argv "/usr/local/bin/node" "/usr/local/bin/npm" "run" "deploy"
19 error node v5.10.1
20 error npm  v3.8.3
21 error code ELIFECYCLE
22 error supple-congress.github.io@1.0.0 deploy: `./deploy.sh`
22 error Exit status 1
23 error Failed at the supple-congress.github.io@1.0.0 deploy script './deploy.sh'.
23 error Make sure you have the latest version of node.js and npm installed.
23 error If you do, this is most likely a problem with the supple-congress.github.io package,
23 error not with npm itself.
23 error Tell the author that this fails on your system:
23 error     ./deploy.sh
23 error You can get information on how to open an issue for this project with:
23 error     npm bugs supple-congress.github.io
23 error Or if that isn't available, you can get their info via:
23 error     npm owner ls supple-congress.github.io
23 error There is likely additional logging output above.
24 verbose exit [ 1, true ]
